<?xml version="1.0" encoding="UTF-8" standalone="yes" ?>
<test-results name="C:\MinervaFoods\CadastroItens\Win32\Debug\OrderProjectTest.exe" total="3" errors="0" failures="0" ignored="0" inconclusive="0" not-run="0" skipped="0" invalid="0" date="2024-09-21" time="0.654">
  <culture-info current-culture="en" current-uiculture="en" />
  <test-suite type="Assembly" name="OrderProjectTest.exe" executed="true" result="Success" success="True" time="0.654" asserts="0">
    <results>
        <test-suite type="Namespace" name="Order" executed="true" result="Success" success="True" time="0.654" asserts="0" >
          <results>
              <test-suite type="Fixture" name="TOrderTests" executed="True" result="Success" success="True" time="0.654" >
                <results>
                  <test-case name="TestCalculateTotal_ValidOrder" executed="True" result="Success" success="True" time="0.018" asserts="0" />
                  <test-case name="TestCalculateTotal_OrderWithoutItems" executed="True" result="Success" success="True" time="0.014" asserts="0" />
                  <test-case name="TestCalculateTotal_InvalidOrderID" executed="True" result="Success" success="True" time="0.056" asserts="0" />
                </results>
              </test-suite>
          </results>
        </test-suite>
    </results>
  </test-suite>
</test-results>
